  precompiled.cpp
  BaseTypes.cpp
  DateTime.cpp
  Log.cpp
  StopWatch.cpp
  TimeSpan.cpp
  WinLocale.cpp
  WinPlatformInformation.cpp
  common.cpp
  exception.cpp
  CRC.cpp
  InBaseString.cpp
  InStringA.cpp
  InStringW.cpp
  PlatformCPUFrequency.cpp
  PlatformCPUID.cpp
  PlatformHardDisk.cpp
  LinearAllocator.cpp
  MemoryBlock.cpp
  PoolAllocator.cpp
  StackAllocator.cpp
  Generating Code...
  Compiling...
  lowlevel.cpp
  CpuId.cpp
  Matrix.cpp
  Quaternion.cpp
  Simd_Config.cpp
  Vector2.cpp
  Vector3.cpp
  inMath.cpp
  sse_mathfun.cpp
  GraphicsFactory.cpp
  ICommandBuffer.cpp
  IFramebuffer.cpp
  IGraphicsEngine.cpp
  IIndexBuffer.cpp
  IPipeline.cpp
  IRenderPass.cpp
  IRenderer.cpp
  IUniformBuffer.cpp
  IVertexBuffer.cpp
  VulkanBase.cpp
  Generating Code...
  Compiling...
  VulkanBaseBuffer.cpp
  VulkanBaseCommandBuffer.cpp
  VulkanBaseCommandPool.cpp
  VulkanBaseDescriptorPool.cpp
  VulkanBaseDevice.cpp
  VulkanBaseException.cpp
  VulkanBaseFramebuffer.cpp
  VulkanBaseIndexBuffer.cpp
  VulkanBaseInstance.cpp
  VulkanBasePipeline.cpp
  VulkanBasePresentation.cpp
  VulkanBaseRenderPass.cpp
  VulkanBaseRenderer.cpp
  VulkanBaseShader.cpp
  VulkanBaseUniformBuffer.cpp
  VulkanBaseVertexBuffer.cpp
  VulkanCommandBuffer.cpp
  VulkanEngine.cpp
  VulkanFramebuffer.cpp
  VulkanIndexBuffer.cpp
  Generating Code...
  Compiling...
  VulkanPipeline.cpp
  VulkanRender.cpp
  VulkanRenderPass.cpp
  VulkanUniformBuffer.cpp
  VulkanVertexBuffer.cpp
  Generating Code...
     Creating library ..\..\..\bin\Invision\x64\Release\Invision.lib and object ..\..\..\bin\Invision\x64\Release\Invision.exp
  Invision.vcxproj -> D:\Repository\Invision\build\solutions\vs2017\..\..\..\bin\Invision\x64\Release\Invision.dll
