  precompiled.cpp
  BaseTypes.cpp
  DateTime.cpp
  Log.cpp
  StopWatch.cpp
  TimeSpan.cpp
  WinLocale.cpp
  WinPlatformInformation.cpp
  common.cpp
  exception.cpp
  CRC.cpp
  InBaseString.cpp
  InStringA.cpp
  InStringW.cpp
  PlatformCPUFrequency.cpp
  PlatformCPUID.cpp
  PlatformHardDisk.cpp
  LinearAllocator.cpp
  MemoryBlock.cpp
  PoolAllocator.cpp
  StackAllocator.cpp
  Generating Code...
  Compiling...
  lowlevel.cpp
  CpuId.cpp
  Matrix.cpp
  Quaternion.cpp
  Simd_Config.cpp
  Vector2.cpp
  Vector3.cpp
  inMath.cpp
  sse_mathfun.cpp
  GraphicsFactory.cpp
  ICommandBuffer.cpp
  IFramebuffer.cpp
  IGraphicsEngine.cpp
  IIndexBuffer.cpp
  IPipeline.cpp
  IRenderPass.cpp
  IRenderer.cpp
  IUniformBuffer.cpp
  IVertexBuffer.cpp
  VulkanBase.cpp
  Generating Code...
c:\program files (x86)\microsoft visual studio\2017\community\vc\tools\msvc\14.16.27023\include\xmmintrin.h(504): warning C4799: function '_mm_cvtpi32x2_ps' has no EMMS instruction
c:\program files (x86)\microsoft visual studio\2017\community\vc\tools\msvc\14.16.27023\include\xmmintrin.h(504): warning C4799: function '_mm_cvtpi32x2_ps' has no EMMS instruction
  Compiling...
  VulkanBaseBuffer.cpp
  VulkanBaseCommandBuffer.cpp
d:\repository\invision\src\renderer\vulkan\vulkanbasecommandbuffer.cpp(161): warning C4018: '<': signed/unsigned mismatch
  VulkanBaseCommandPool.cpp
  VulkanBaseDescriptorPool.cpp
  VulkanBaseDevice.cpp
  VulkanBaseException.cpp
  VulkanBaseFramebuffer.cpp
  VulkanBaseIndexBuffer.cpp
  VulkanBaseInstance.cpp
  VulkanBasePipeline.cpp
  VulkanBasePresentation.cpp
  VulkanBaseRenderPass.cpp
  VulkanBaseRenderer.cpp
  VulkanBaseShader.cpp
  VulkanBaseUniformBuffer.cpp
  VulkanBaseVertexBuffer.cpp
  VulkanCommandBuffer.cpp
d:\repository\invision\src\renderer\vulkancommandbuffer.cpp(72): warning C4018: '<': signed/unsigned mismatch
  VulkanEngine.cpp
  VulkanFramebuffer.cpp
  VulkanIndexBuffer.cpp
  Generating Code...
  Compiling...
  VulkanPipeline.cpp
d:\repository\invision\src\renderer\vulkanpipeline.cpp(60): warning C4018: '<': signed/unsigned mismatch
d:\repository\invision\src\renderer\vulkanpipeline.cpp(66): warning C4018: '<': signed/unsigned mismatch
  VulkanRender.cpp
  VulkanRenderPass.cpp
  VulkanUniformBuffer.cpp
  VulkanVertexBuffer.cpp
  Generating Code...
     Creating library ..\..\..\bin\Invision\win32\Debug\Invision.lib and object ..\..\..\bin\Invision\win32\Debug\Invision.exp
  Invision.vcxproj -> D:\Repository\Invision\build\solutions\vs2017\..\..\..\bin\Invision\win32\Debug\Invision.dll
